<?xml version="1.0" encoding="utf-8"?><testsuites name="pytest tests"><testsuite name="pytest" errors="0" failures="0" skipped="0" tests="17" time="3.407" timestamp="2026-06-06T15:13:00.128223+00:00" hostname="agent-env-75239bbd-1c88-4d15-af49-69e0b8a23487"><testcase classname="backend.tests.backend_test.TestHealth" name="test_root_ok" time="0.578" /><testcase classname="backend.tests.backend_test.TestAuth" name="test_login_success" time="0.274" /><testcase classname="backend.tests.backend_test.TestAuth" name="test_login_wrong_password" time="0.269" /><testcase classname="backend.tests.backend_test.TestAuth" name="test_login_unknown_user" time="0.048" /><testcase classname="backend.tests.backend_test.TestAuth" name="test_me_no_token" time="0.104" /><testcase classname="backend.tests.backend_test.TestAuth" name="test_me_invalid_token" time="0.151" /><testcase classname="backend.tests.backend_test.TestAuth" name="test_me_with_token" time="0.393" /><testcase classname="backend.tests.backend_test.TestBookings" name="test_create_booking_public" time="0.050" /><testcase classname="backend.tests.backend_test.TestBookings" name="test_create_booking_missing_required" time="0.053" /><testcase classname="backend.tests.backend_test.TestBookings" name="test_list_bookings_requires_auth" time="0.133" /><testcase classname="backend.tests.backend_test.TestBookings" name="test_list_bookings_authed_sorted_desc" time="0.109" /><testcase classname="backend.tests.backend_test.TestBookings" name="test_patch_invalid_status" time="0.139" /><testcase classname="backend.tests.backend_test.TestBookings" name="test_patch_valid_status_persists" time="0.292" /><testcase classname="backend.tests.backend_test.TestBookings" name="test_patch_nonexistent" time="0.108" /><testcase classname="backend.tests.backend_test.TestBookings" name="test_delete_requires_auth" time="0.105" /><testcase classname="backend.tests.backend_test.TestBookings" name="test_delete_nonexistent" time="0.107" /><testcase classname="backend.tests.backend_test.TestBookings" name="test_delete_success" time="0.218" /></testsuite></testsuites>